<?xml version="1.0" encoding="UTF-8"?>
<!-- Generated by org.testng.reporters.JUnitReportReporter -->
<testsuite hostname="DESKTOP-G73P78Q" name="testrunner.Runner" tests="1" failures="0" timestamp="23 Feb 2017 16:28:09 GMT" time="79.378" errors="0">
  <testcase name="run_cukes" time="79.378" classname="testrunner.Runner"/>
</testsuite> <!-- testrunner.Runner -->
